<?xml version="1.0" encoding="UTF-8"?>
<testng-results ignored="0" total="1" passed="1" failed="0" skipped="0">
  <reporter-output>
  </reporter-output>
  <suite started-at="2024-02-12T15:23:42 IST" name="Default suite" finished-at="2024-02-12T15:23:50 IST" duration-ms="8823">
    <groups>
    </groups>
    <test started-at="2024-02-12T15:23:42 IST" name="Default test" finished-at="2024-02-12T15:23:50 IST" duration-ms="8823">
      <class name="TestScript.Sample4Extent">
        <test-method signature="testcase()[pri:0, instance:TestScript.Sample4Extent@145f66e3]" started-at="2024-02-12T15:23:42 IST" name="testcase" finished-at="2024-02-12T15:23:50 IST" duration-ms="8755" status="PASS">
          <reporter-output>
          </reporter-output>
        </test-method> <!-- testcase -->
      </class> <!-- TestScript.Sample4Extent -->
    </test> <!-- Default test -->
  </suite> <!-- Default suite -->
</testng-results>
